=== F8 TerraMaster NAS bag-offload test ===
started: 2026-04-22T22:01:09Z
mount:   systemd-1 on /home/thor/nas/bess-bags type autofs (rw,relatime,fd=106,pgrp=1,timeout=0,minproto=5,maxproto=5,direct)
free:    7.2T free of 7.2T
profile: 50 GB sequential, 4 MB blocks, direct=1, iodepth=16

=== phase: seqwrite_50G_4M  22:01:09 ===
seqwrite_50G_4M: (g=0): rw=write, bs=(R) 4096KiB-4096KiB, (W) 4096KiB-4096KiB, (T) 4096KiB-4096KiB, ioengine=libaio, iodepth=16
fio-3.36
Starting 1 process
seqwrite_50G_4M: Laying out IO file (1 file / 51200MiB)

seqwrite_50G_4M: (groupid=0, jobs=1): err= 0: pid=1794094: Wed Apr 22 23:02:13 2026
  write: IOPS=200, BW=801MiB/s (840MB/s)(50.0GiB/63914msec); 0 zone resets
    slat (usec): min=268, max=32527, avg=1719.14, stdev=2322.53
    clat (msec): min=8, max=280, avg=78.15, stdev=32.77
     lat (msec): min=12, max=281, avg=79.87, stdev=32.58
    clat percentiles (msec):
     |  1.00th=[   21],  5.00th=[   31], 10.00th=[   39], 20.00th=[   51],
     | 30.00th=[   60], 40.00th=[   68], 50.00th=[   75], 60.00th=[   83],
     | 70.00th=[   91], 80.00th=[  105], 90.00th=[  123], 95.00th=[  138],
     | 99.00th=[  167], 99.50th=[  178], 99.90th=[  259], 99.95th=[  271],
     | 99.99th=[  279]
   bw (  KiB/s): min=529304, max=1046483, per=99.80%, avg=818651.56, stdev=159623.11, samples=63
   iops        : min=  116, max=  270, avg=200.06, stdev=40.37, samples=127
  lat (msec)   : 10=0.02%, 20=0.75%, 50=19.13%, 100=57.00%, 250=22.94%
  lat (msec)   : 500=0.16%
  cpu          : usr=1.80%, sys=9.10%, ctx=40039, majf=0, minf=9
  IO depths    : 1=0.1%, 2=0.1%, 4=0.1%, 8=0.1%, 16=99.9%, 32=0.0%, >=64=0.0%
     submit    : 0=0.0%, 4=100.0%, 8=0.0%, 16=0.0%, 32=0.0%, 64=0.0%, >=64=0.0%
     complete  : 0=0.0%, 4=100.0%, 8=0.0%, 16=0.1%, 32=0.0%, 64=0.0%, >=64=0.0%
     issued rwts: total=0,12800,0,0 short=0,0,0,0 dropped=0,0,0,0
     latency   : target=0, window=0, percentile=100.00%, depth=16

Run status group 0 (all jobs):
  WRITE: bw=801MiB/s (840MB/s), 801MiB/s-801MiB/s (840MB/s-840MB/s), io=50.0GiB (53.7GB), run=63914-63914msec

--- dropping kernel cache before read phase ---

=== phase: seqread_50G_4M  22:02:23 ===
seqread_50G_4M: (g=0): rw=read, bs=(R) 4096KiB-4096KiB, (W) 4096KiB-4096KiB, (T) 4096KiB-4096KiB, ioengine=libaio, iodepth=16
fio-3.36
Starting 1 process

seqread_50G_4M: (groupid=0, jobs=1): err= 0: pid=1799272: Wed Apr 22 23:03:23 2026
  read: IOPS=218, BW=874MiB/s (916MB/s)(50.0GiB/58590msec)
    slat (usec): min=260, max=26691, avg=1267.71, stdev=1431.43
    clat (msec): min=7, max=602, avg=71.90, stdev=28.02
     lat (msec): min=9, max=603, avg=73.17, stdev=27.94
    clat percentiles (msec):
     |  1.00th=[   33],  5.00th=[   44], 10.00th=[   49], 20.00th=[   55],
     | 30.00th=[   60], 40.00th=[   65], 50.00th=[   69], 60.00th=[   73],
     | 70.00th=[   79], 80.00th=[   86], 90.00th=[  100], 95.00th=[  113],
     | 99.00th=[  144], 99.50th=[  157], 99.90th=[  584], 99.95th=[  592],
     | 99.99th=[  600]
   bw (  KiB/s): min=429650, max=966656, per=99.96%, avg=894497.86, stdev=71857.55, samples=58
   iops        : min=   42, max=  246, avg=218.30, stdev=21.85, samples=116
  lat (msec)   : 10=0.02%, 20=0.11%, 50=12.12%, 100=78.32%, 250=9.30%
  lat (msec)   : 500=0.01%, 750=0.12%
  cpu          : usr=0.39%, sys=12.32%, ctx=69066, majf=0, minf=16394
  IO depths    : 1=0.1%, 2=0.1%, 4=0.1%, 8=0.1%, 16=99.9%, 32=0.0%, >=64=0.0%
     submit    : 0=0.0%, 4=100.0%, 8=0.0%, 16=0.0%, 32=0.0%, 64=0.0%, >=64=0.0%
     complete  : 0=0.0%, 4=100.0%, 8=0.0%, 16=0.1%, 32=0.0%, 64=0.0%, >=64=0.0%
     issued rwts: total=12800,0,0,0 short=0,0,0,0 dropped=0,0,0,0
     latency   : target=0, window=0, percentile=100.00%, depth=16

Run status group 0 (all jobs):
   READ: bw=874MiB/s (916MB/s), 874MiB/s-874MiB/s (916MB/s-916MB/s), io=50.0GiB (53.7GB), run=58590-58590msec

=== sustained profile (per-second BW stats, MB/s) ===
  seqwrite    n=63 samples  mean=799.5 MB/s  min=516.9  max=1022.0
  seqread     n=58 samples  mean=873.5 MB/s  min=419.6  max=944.0

=== final throughputs (fio aggregate) ===
    WRITE: bw=801MiB/s (840MB/s), 801MiB/s-801MiB/s (840MB/s-840MB/s), io=50.0GiB (53.7GB), run=63914-63914msec
     READ: bw=874MiB/s (916MB/s), 874MiB/s-874MiB/s (916MB/s-916MB/s), io=50.0GiB (53.7GB), run=58590-58590msec

finished: 2026-04-22T22:03:23Z
